<?xml version="1.0" encoding="UTF-8"?>
<testsuite xmlns:xsi="http://www.w3.org/2001/XMLSchema-instance" xsi:noNamespaceSchemaLocation="https://maven.apache.org/surefire/maven-surefire-plugin/xsd/surefire-test-report.xsd" version="3.0.2" name="vit.devops.macse639.ticketreservation.TicketReservationTest" time="0.11" tests="5" errors="0" skipped="0" failures="0">
  <properties>
[...]
</properties>
  <testcase name="testDatabaseConnection" classname="vit.devops.macse639.ticketreservation.TicketReservationTest" time="0.037">
    <system-out><![CDATA[Database connected.
]]></system-out>
  </testcase>
  <testcase name="testDisplayTrain" classname="vit.devops.macse639.ticketreservation.TicketReservationTest" time="0.008">
    <system-out><![CDATA[Train Model: Express
Train ID: 101
]]></system-out>
  </testcase>
  <testcase name="testPayment" classname="vit.devops.macse639.ticketreservation.TicketReservationTest" time="0.008">
    <system-out><![CDATA[Payment of 500.0 successful.
]]></system-out>
  </testcase>
  <testcase name="testTicketPayment" classname="vit.devops.macse639.ticketreservation.TicketReservationTest" time="0.003">
    <system-out><![CDATA[Calculating payment...
]]></system-out>
  </testcase>
  <testcase name="testSearchTrains" classname="vit.devops.macse639.ticketreservation.TicketReservationTest" time="0.003">
    <system-out><![CDATA[Searching trains...
]]></system-out>
  </testcase>
</testsuite>